Mae 25, 2026 5:25:07 G.M. de.gurkenlabs.litiengine.DefaultUncaughtExceptionHandler uncaughtException
SEVERE: Game crashed! :(
de.gurkenlabs.litiengine.resources.ResourceLoadException: javax.imageio.IIOException: Can't get input stream from URL!
	at de.gurkenlabs.litiengine.resources.ResourcesContainer.loadResource(ResourcesContainer.java:395)
	at java.base/java.util.concurrent.ConcurrentHashMap.computeIfAbsent(ConcurrentHashMap.java:1708)
	at de.gurkenlabs.litiengine.resources.ResourcesContainer.get(ResourcesContainer.java:276)
	at de.gurkenlabs.litiengine.resources.ResourcesContainer.get(ResourcesContainer.java:209)
	at org.example.LoginScreen.initializeComponents(LoginScreen.java:66)
	at de.gurkenlabs.litiengine.gui.GuiComponent.<init>(GuiComponent.java:182)
	at de.gurkenlabs.litiengine.gui.GuiComponent.<init>(GuiComponent.java:113)
	at de.gurkenlabs.litiengine.gui.screens.Screen.<init>(Screen.java:14)
	at org.example.LoginScreen.<init>(LoginScreen.java:15)
	at org.example.Main.main(Main.java:9)
Caused by: javax.imageio.IIOException: Can't get input stream from URL!
	at java.desktop/javax.imageio.ImageIO.read(ImageIO.java:1407)
	at de.gurkenlabs.litiengine.resources.Images.load(Images.java:48)
	at de.gurkenlabs.litiengine.resources.Images.load(Images.java:12)
	at de.gurkenlabs.litiengine.resources.ResourcesContainer.loadResource(ResourcesContainer.java:393)
	... 9 more
Caused by: java.io.FileNotFoundException: C:\Users\larac\IdeaProjects\Front-Arquitetura\assets\login\btn_cadastrar.png (O sistema não pode encontrar o caminho especificado)
	at java.base/java.io.FileInputStream.open0(Native Method)
	at java.base/java.io.FileInputStream.open(FileInputStream.java:216)
	at java.base/java.io.FileInputStream.<init>(FileInputStream.java:157)
	at java.base/java.io.FileInputStream.<init>(FileInputStream.java:111)
	at java.base/sun.net.www.protocol.file.FileURLConnection.connect(FileURLConnection.java:86)
	at java.base/sun.net.www.protocol.file.FileURLConnection.getInputStream(FileURLConnection.java:195)
	at java.base/java.net.URL.openStream(URL.java:1161)
	at java.desktop/javax.imageio.ImageIO.read(ImageIO.java:1405)
	... 12 more

Mae 25, 2026 5:31:33 G.M. de.gurkenlabs.litiengine.DefaultUncaughtExceptionHandler uncaughtException
SEVERE: Game crashed! :(
de.gurkenlabs.litiengine.resources.ResourceLoadException: javax.imageio.IIOException: Can't get input stream from URL!
	at de.gurkenlabs.litiengine.resources.ResourcesContainer.loadResource(ResourcesContainer.java:395)
	at java.base/java.util.concurrent.ConcurrentHashMap.computeIfAbsent(ConcurrentHashMap.java:1708)
	at de.gurkenlabs.litiengine.resources.ResourcesContainer.get(ResourcesContainer.java:276)
	at de.gurkenlabs.litiengine.resources.ResourcesContainer.get(ResourcesContainer.java:209)
	at org.example.LoginScreen.initializeComponents(LoginScreen.java:66)
	at de.gurkenlabs.litiengine.gui.GuiComponent.<init>(GuiComponent.java:182)
	at de.gurkenlabs.litiengine.gui.GuiComponent.<init>(GuiComponent.java:113)
	at de.gurkenlabs.litiengine.gui.screens.Screen.<init>(Screen.java:14)
	at org.example.LoginScreen.<init>(LoginScreen.java:15)
	at org.example.Main.main(Main.java:9)
Caused by: javax.imageio.IIOException: Can't get input stream from URL!
	at java.desktop/javax.imageio.ImageIO.read(ImageIO.java:1407)
	at de.gurkenlabs.litiengine.resources.Images.load(Images.java:48)
	at de.gurkenlabs.litiengine.resources.Images.load(Images.java:12)
	at de.gurkenlabs.litiengine.resources.ResourcesContainer.loadResource(ResourcesContainer.java:393)
	... 9 more
Caused by: java.io.FileNotFoundException: C:\Users\larac\IdeaProjects\Front-Arquitetura\assets\login\btn_cadastrar.png (O sistema não pode encontrar o caminho especificado)
	at java.base/java.io.FileInputStream.open0(Native Method)
	at java.base/java.io.FileInputStream.open(FileInputStream.java:216)
	at java.base/java.io.FileInputStream.<init>(FileInputStream.java:157)
	at java.base/java.io.FileInputStream.<init>(FileInputStream.java:111)
	at java.base/sun.net.www.protocol.file.FileURLConnection.connect(FileURLConnection.java:86)
	at java.base/sun.net.www.protocol.file.FileURLConnection.getInputStream(FileURLConnection.java:195)
	at java.base/java.net.URL.openStream(URL.java:1161)
	at java.desktop/javax.imageio.ImageIO.read(ImageIO.java:1405)
	... 12 more

Mae 25, 2026 11:07:25 G.M. de.gurkenlabs.litiengine.gui.screens.ScreenManager display
WARNING: Could not display the screen login because there is no screen with the specified name.
Mae 25, 2026 11:09:25 G.M. de.gurkenlabs.litiengine.gui.screens.ScreenManager display
WARNING: Could not display the screen login because there is no screen with the specified name.
Mae 25, 2026 11:15:36 G.M. de.gurkenlabs.litiengine.gui.screens.ScreenManager display
WARNING: Could not display the screen login because there is no screen with the specified name.
Mae 25, 2026 11:15:56 G.M. de.gurkenlabs.litiengine.gui.screens.ScreenManager display
WARNING: Could not display the screen login because there is no screen with the specified name.
Mae 25, 2026 11:25:58 G.M. de.gurkenlabs.litiengine.gui.screens.ScreenManager display
WARNING: Could not display the screen login because there is no screen with the specified name.
Mae 25, 2026 11:26:29 G.M. de.gurkenlabs.litiengine.gui.screens.ScreenManager display
WARNING: Could not display the screen login because there is no screen with the specified name.
Mae 26, 2026 7:43:28 A.M. de.gurkenlabs.litiengine.gui.screens.ScreenManager display
WARNING: Could not display the screen login because there is no screen with the specified name.
Mae 26, 2026 7:44:45 A.M. de.gurkenlabs.litiengine.gui.screens.ScreenManager display
WARNING: Could not display the screen login because there is no screen with the specified name.
Mae 26, 2026 7:45:19 A.M. de.gurkenlabs.litiengine.gui.screens.ScreenManager display
WARNING: Could not display the screen login because there is no screen with the specified name.
Mae 26, 2026 7:45:54 A.M. de.gurkenlabs.litiengine.gui.screens.ScreenManager display
WARNING: Could not display the screen login because there is no screen with the specified name.
Mae 26, 2026 7:46:56 A.M. de.gurkenlabs.litiengine.gui.screens.ScreenManager display
WARNING: Could not display the screen login because there is no screen with the specified name.
Mae 26, 2026 9:36:21 A.M. de.gurkenlabs.litiengine.gui.screens.ScreenManager display
WARNING: Could not display the screen login because there is no screen with the specified name.
Mae 26, 2026 9:36:52 A.M. de.gurkenlabs.litiengine.gui.screens.ScreenManager display
WARNING: Could not display the screen login because there is no screen with the specified name.
Mae 26, 2026 9:37:35 A.M. de.gurkenlabs.litiengine.gui.screens.ScreenManager display
WARNING: Could not display the screen login because there is no screen with the specified name.
Mae 26, 2026 9:38:02 A.M. de.gurkenlabs.litiengine.gui.screens.ScreenManager display
WARNING: Could not display the screen login because there is no screen with the specified name.
Mae 26, 2026 9:39:31 A.M. de.gurkenlabs.litiengine.gui.screens.ScreenManager display
WARNING: Could not display the screen login because there is no screen with the specified name.
Mae 26, 2026 9:34:28 G.M. de.gurkenlabs.litiengine.gui.screens.ScreenManager display
WARNING: Could not display the screen login because there is no screen with the specified name.
Mae 26, 2026 9:47:25 G.M. de.gurkenlabs.litiengine.gui.screens.ScreenManager display
WARNING: Could not display the screen login because there is no screen with the specified name.
Mae 26, 2026 9:48:18 G.M. de.gurkenlabs.litiengine.gui.screens.ScreenManager display
WARNING: Could not display the screen login because there is no screen with the specified name.
Mae 26, 2026 9:49:28 G.M. de.gurkenlabs.litiengine.gui.screens.ScreenManager display
WARNING: Could not display the screen login because there is no screen with the specified name.
Mae 26, 2026 10:19:34 G.M. de.gurkenlabs.litiengine.gui.screens.ScreenManager display
WARNING: Could not display the screen login because there is no screen with the specified name.
Mae 26, 2026 10:23:33 G.M. de.gurkenlabs.litiengine.gui.screens.ScreenManager display
WARNING: Could not display the screen login because there is no screen with the specified name.
Mae 26, 2026 10:25:13 G.M. de.gurkenlabs.litiengine.gui.screens.ScreenManager display
WARNING: Could not display the screen login because there is no screen with the specified name.
Mae 26, 2026 10:26:51 G.M. de.gurkenlabs.litiengine.gui.screens.ScreenManager display
WARNING: Could not display the screen login because there is no screen with the specified name.
Mae 26, 2026 10:27:26 G.M. de.gurkenlabs.litiengine.gui.screens.ScreenManager display
WARNING: Could not display the screen login because there is no screen with the specified name.
Mae 26, 2026 10:29:03 G.M. de.gurkenlabs.litiengine.gui.screens.ScreenManager display
WARNING: Could not display the screen login because there is no screen with the specified name.
Mae 26, 2026 10:30:43 G.M. de.gurkenlabs.litiengine.gui.screens.ScreenManager display
WARNING: Could not display the screen login because there is no screen with the specified name.
Mae 26, 2026 10:31:22 G.M. de.gurkenlabs.litiengine.gui.screens.ScreenManager display
WARNING: Could not display the screen login because there is no screen with the specified name.
Mae 26, 2026 10:31:38 G.M. de.gurkenlabs.litiengine.gui.screens.ScreenManager display
WARNING: Could not display the screen login because there is no screen with the specified name.
Mae 26, 2026 10:32:36 G.M. de.gurkenlabs.litiengine.gui.screens.ScreenManager display
WARNING: Could not display the screen login because there is no screen with the specified name.
Mae 26, 2026 10:45:15 G.M. de.gurkenlabs.litiengine.gui.screens.ScreenManager display
WARNING: Could not display the screen login because there is no screen with the specified name.
Mae 26, 2026 10:45:15 G.M. de.gurkenlabs.litiengine.DefaultUncaughtExceptionHandler uncaughtException
SEVERE: Game crashed! :(
java.lang.NullPointerException: Cannot invoke "java.awt.Font.deriveFont(float)" because "this.medievalFont" is null
	at org.example.PerfilScreen.render(PerfilScreen.java:537)
	at de.gurkenlabs.litiengine.graphics.RenderComponent.render(RenderComponent.java:130)
	at de.gurkenlabs.litiengine.GameLoop.process(GameLoop.java:93)
	at de.gurkenlabs.litiengine.UpdateLoop.run(UpdateLoop.java:57)

Mae 26, 2026 10:46:49 G.M. de.gurkenlabs.litiengine.gui.screens.ScreenManager display
WARNING: Could not display the screen login because there is no screen with the specified name.
Mae 26, 2026 10:50:05 G.M. de.gurkenlabs.litiengine.gui.screens.ScreenManager display
WARNING: Could not display the screen login because there is no screen with the specified name.
Mae 26, 2026 10:55:44 G.M. de.gurkenlabs.litiengine.gui.screens.ScreenManager display
WARNING: Could not display the screen login because there is no screen with the specified name.
Mae 26, 2026 10:57:35 G.M. de.gurkenlabs.litiengine.gui.screens.ScreenManager display
WARNING: Could not display the screen login because there is no screen with the specified name.
Mae 26, 2026 10:59:07 G.M. de.gurkenlabs.litiengine.gui.screens.ScreenManager display
WARNING: Could not display the screen login because there is no screen with the specified name.
Mae 26, 2026 11:02:12 G.M. de.gurkenlabs.litiengine.gui.screens.ScreenManager display
WARNING: Could not display the screen login because there is no screen with the specified name.
Mae 26, 2026 11:04:18 G.M. de.gurkenlabs.litiengine.gui.screens.ScreenManager display
WARNING: Could not display the screen login because there is no screen with the specified name.
Mae 26, 2026 11:04:48 G.M. de.gurkenlabs.litiengine.gui.screens.ScreenManager display
WARNING: Could not display the screen login because there is no screen with the specified name.
Mae 26, 2026 11:05:51 G.M. de.gurkenlabs.litiengine.gui.screens.ScreenManager display
WARNING: Could not display the screen login because there is no screen with the specified name.
Mae 26, 2026 11:06:11 G.M. de.gurkenlabs.litiengine.gui.screens.ScreenManager display
WARNING: Could not display the screen login because there is no screen with the specified name.
Mae 26, 2026 11:06:51 G.M. de.gurkenlabs.litiengine.gui.screens.ScreenManager display
WARNING: Could not display the screen login because there is no screen with the specified name.
Mae 26, 2026 11:07:05 G.M. de.gurkenlabs.litiengine.gui.screens.ScreenManager display
WARNING: Could not display the screen login because there is no screen with the specified name.
Mae 26, 2026 11:10:29 G.M. de.gurkenlabs.litiengine.gui.screens.ScreenManager display
WARNING: Could not display the screen login because there is no screen with the specified name.
Mae 26, 2026 11:11:40 G.M. de.gurkenlabs.litiengine.gui.screens.ScreenManager display
WARNING: Could not display the screen login because there is no screen with the specified name.
Mae 26, 2026 11:12:28 G.M. de.gurkenlabs.litiengine.gui.screens.ScreenManager display
WARNING: Could not display the screen login because there is no screen with the specified name.
Mae 26, 2026 11:12:45 G.M. de.gurkenlabs.litiengine.gui.screens.ScreenManager display
WARNING: Could not display the screen login because there is no screen with the specified name.
Mae 26, 2026 11:13:11 G.M. de.gurkenlabs.litiengine.gui.screens.ScreenManager display
WARNING: Could not display the screen login because there is no screen with the specified name.
Mae 26, 2026 11:13:39 G.M. de.gurkenlabs.litiengine.gui.screens.ScreenManager display
WARNING: Could not display the screen login because there is no screen with the specified name.
Mae 26, 2026 11:14:30 G.M. de.gurkenlabs.litiengine.gui.screens.ScreenManager display
WARNING: Could not display the screen login because there is no screen with the specified name.
Mae 26, 2026 11:15:09 G.M. de.gurkenlabs.litiengine.gui.screens.ScreenManager display
WARNING: Could not display the screen login because there is no screen with the specified name.
Mae 26, 2026 11:15:32 G.M. de.gurkenlabs.litiengine.gui.screens.ScreenManager display
WARNING: Could not display the screen login because there is no screen with the specified name.
Mae 26, 2026 11:15:56 G.M. de.gurkenlabs.litiengine.gui.screens.ScreenManager display
WARNING: Could not display the screen login because there is no screen with the specified name.
Mae 26, 2026 11:23:56 G.M. de.gurkenlabs.litiengine.gui.screens.ScreenManager display
WARNING: Could not display the screen login because there is no screen with the specified name.
Mae 26, 2026 11:23:56 G.M. de.gurkenlabs.litiengine.DefaultUncaughtExceptionHandler uncaughtException
SEVERE: Game crashed! :(
java.lang.NullPointerException: Cannot invoke "java.awt.Font.deriveFont(float)" because "this.medievalFont" is null
	at org.example.CadastroScreen.render(CadastroScreen.java:380)
	at de.gurkenlabs.litiengine.graphics.RenderComponent.render(RenderComponent.java:130)
	at de.gurkenlabs.litiengine.GameLoop.process(GameLoop.java:93)
	at de.gurkenlabs.litiengine.UpdateLoop.run(UpdateLoop.java:57)

Mae 26, 2026 11:24:31 G.M. de.gurkenlabs.litiengine.gui.screens.ScreenManager display
WARNING: Could not display the screen login because there is no screen with the specified name.
Mae 26, 2026 11:42:05 G.M. de.gurkenlabs.litiengine.gui.screens.ScreenManager display
WARNING: Could not display the screen login because there is no screen with the specified name.
Mae 26, 2026 11:42:05 G.M. de.gurkenlabs.litiengine.DefaultUncaughtExceptionHandler uncaughtException
SEVERE: Game crashed! :(
java.lang.NullPointerException: Cannot invoke "java.awt.Font.deriveFont(float)" because "this.medievalFont" is null
	at org.example.ConfiguracoesScreen.render(ConfiguracoesScreen.java:303)
	at de.gurkenlabs.litiengine.graphics.RenderComponent.render(RenderComponent.java:130)
	at de.gurkenlabs.litiengine.GameLoop.process(GameLoop.java:93)
	at de.gurkenlabs.litiengine.UpdateLoop.run(UpdateLoop.java:57)

Mae 26, 2026 11:43:07 G.M. de.gurkenlabs.litiengine.gui.screens.ScreenManager display
WARNING: Could not display the screen login because there is no screen with the specified name.
Mae 26, 2026 11:43:07 G.M. de.gurkenlabs.litiengine.DefaultUncaughtExceptionHandler uncaughtException
SEVERE: Game crashed! :(
java.lang.NullPointerException: Cannot invoke "java.awt.Font.deriveFont(float)" because "this.medievalFont" is null
	at org.example.ConfiguracoesScreen.render(ConfiguracoesScreen.java:303)
	at de.gurkenlabs.litiengine.graphics.RenderComponent.render(RenderComponent.java:130)
	at de.gurkenlabs.litiengine.GameLoop.process(GameLoop.java:93)
	at de.gurkenlabs.litiengine.UpdateLoop.run(UpdateLoop.java:57)

Mae 26, 2026 11:44:32 G.M. de.gurkenlabs.litiengine.gui.screens.ScreenManager display
WARNING: Could not display the screen login because there is no screen with the specified name.
Mae 26, 2026 11:50:34 G.M. de.gurkenlabs.litiengine.gui.screens.ScreenManager display
WARNING: Could not display the screen login because there is no screen with the specified name.
Mae 26, 2026 11:52:37 G.M. de.gurkenlabs.litiengine.gui.screens.ScreenManager display
WARNING: Could not display the screen login because there is no screen with the specified name.
Mae 26, 2026 11:58:32 G.M. de.gurkenlabs.litiengine.gui.screens.ScreenManager display
WARNING: Could not display the screen login because there is no screen with the specified name.
Mae 27, 2026 12:00:16 A.M. de.gurkenlabs.litiengine.gui.screens.ScreenManager display
WARNING: Could not display the screen login because there is no screen with the specified name.
Mae 27, 2026 12:00:31 A.M. de.gurkenlabs.litiengine.gui.screens.ScreenManager display
WARNING: Could not display the screen login because there is no screen with the specified name.
Mae 27, 2026 12:02:49 A.M. de.gurkenlabs.litiengine.gui.screens.ScreenManager display
WARNING: Could not display the screen login because there is no screen with the specified name.
Mae 27, 2026 12:04:47 A.M. de.gurkenlabs.litiengine.gui.screens.ScreenManager display
WARNING: Could not display the screen login because there is no screen with the specified name.
Mae 27, 2026 12:06:11 A.M. de.gurkenlabs.litiengine.gui.screens.ScreenManager display
WARNING: Could not display the screen login because there is no screen with the specified name.
Mae 27, 2026 12:06:25 A.M. de.gurkenlabs.litiengine.gui.screens.ScreenManager display
WARNING: Could not display the screen login because there is no screen with the specified name.
Mae 27, 2026 12:08:04 A.M. de.gurkenlabs.litiengine.gui.screens.ScreenManager display
WARNING: Could not display the screen login because there is no screen with the specified name.
Mae 27, 2026 12:08:24 A.M. de.gurkenlabs.litiengine.gui.screens.ScreenManager display
WARNING: Could not display the screen login because there is no screen with the specified name.
Mae 27, 2026 12:10:11 A.M. de.gurkenlabs.litiengine.gui.screens.ScreenManager display
WARNING: Could not display the screen login because there is no screen with the specified name.
Mae 27, 2026 12:10:43 A.M. de.gurkenlabs.litiengine.gui.screens.ScreenManager display
WARNING: Could not display the screen login because there is no screen with the specified name.
Mae 27, 2026 12:11:27 A.M. de.gurkenlabs.litiengine.gui.screens.ScreenManager display
WARNING: Could not display the screen login because there is no screen with the specified name.
Mae 27, 2026 12:11:54 A.M. de.gurkenlabs.litiengine.gui.screens.ScreenManager display
WARNING: Could not display the screen login because there is no screen with the specified name.
Mae 27, 2026 12:12:30 A.M. de.gurkenlabs.litiengine.gui.screens.ScreenManager display
WARNING: Could not display the screen login because there is no screen with the specified name.
Mae 27, 2026 12:12:41 A.M. de.gurkenlabs.litiengine.gui.screens.ScreenManager display
WARNING: Could not display the screen login because there is no screen with the specified name.
Mae 27, 2026 12:15:58 A.M. de.gurkenlabs.litiengine.gui.screens.ScreenManager display
WARNING: Could not display the screen login because there is no screen with the specified name.
Mae 27, 2026 12:23:08 A.M. de.gurkenlabs.litiengine.gui.screens.ScreenManager display
WARNING: Could not display the screen login because there is no screen with the specified name.
Mae 27, 2026 12:23:49 A.M. de.gurkenlabs.litiengine.gui.screens.ScreenManager display
WARNING: Could not display the screen login because there is no screen with the specified name.
Mae 27, 2026 12:25:11 A.M. de.gurkenlabs.litiengine.gui.screens.ScreenManager display
WARNING: Could not display the screen login because there is no screen with the specified name.
Mae 27, 2026 12:28:36 A.M. de.gurkenlabs.litiengine.gui.screens.ScreenManager display
WARNING: Could not display the screen login because there is no screen with the specified name.
Mae 27, 2026 12:29:43 A.M. de.gurkenlabs.litiengine.gui.screens.ScreenManager display
WARNING: Could not display the screen login because there is no screen with the specified name.
Mae 27, 2026 12:30:43 A.M. de.gurkenlabs.litiengine.gui.screens.ScreenManager display
WARNING: Could not display the screen login because there is no screen with the specified name.
Mae 27, 2026 12:31:03 A.M. de.gurkenlabs.litiengine.gui.screens.ScreenManager display
WARNING: Could not display the screen login because there is no screen with the specified name.
Mae 27, 2026 12:34:21 A.M. de.gurkenlabs.litiengine.gui.screens.ScreenManager display
WARNING: Could not display the screen login because there is no screen with the specified name.
Mae 27, 2026 12:34:41 A.M. de.gurkenlabs.litiengine.gui.screens.ScreenManager display
WARNING: Could not display the screen login because there is no screen with the specified name.
